<?xml version="1.0" encoding="UTF-8"?>
<testsuites name="jest tests" tests="5" failures="0" errors="0" time="1.596">
  <testsuite name="API Tests" errors="0" failures="0" skipped="0" timestamp="2024-04-25T13:47:02" time="1.5" tests="5">
    <testcase classname="API Tests GET /contacts - should return all contacts" name="API Tests GET /contacts - should return all contacts" time="0.05">
    </testcase>
    <testcase classname="API Tests POST /contacts - should create a new contact" name="API Tests POST /contacts - should create a new contact" time="0.026">
    </testcase>
    <testcase classname="API Tests POST a contact with a missing name - should return an error message" name="API Tests POST a contact with a missing name - should return an error message" time="0.013">
    </testcase>
    <testcase classname="API Tests POST a contact with a missing email - should return an error message" name="API Tests POST a contact with a missing email - should return an error message" time="0.01">
    </testcase>
    <testcase classname="API Tests POST a contact with a missing phone number - should return an error message" name="API Tests POST a contact with a missing phone number - should return an error message" time="0.01">
    </testcase>
  </testsuite>
</testsuites>